[14:07:21] [main/INFO]: Using mbed TLS based native cipher.
[14:07:21] [main/INFO]: Using zlib based native compressor.
[14:07:21] [main/INFO]: Enabled Waterfall version git:Waterfall-Bootstrap:1.19-R0.1-SNAPSHOT:f6069e2:513
[14:07:21] [main/INFO]: Not on Windows, attempting to use enhanced EpollEventLoop
[14:07:21] [main/INFO]: Epoll is working, utilising it!
[14:07:21] [main/INFO]: Discovered module: ModuleSpec(name=cmd_alert, file=modules/cmd_alert.jar, provider=JenkinsModuleSource())
[14:07:21] [main/INFO]: Discovered module: ModuleSpec(name=cmd_find, file=modules/cmd_find.jar, provider=JenkinsModuleSource())
[14:07:21] [main/INFO]: Discovered module: ModuleSpec(name=cmd_list, file=modules/cmd_list.jar, provider=JenkinsModuleSource())
[14:07:21] [main/INFO]: Discovered module: ModuleSpec(name=cmd_send, file=modules/cmd_send.jar, provider=JenkinsModuleSource())
[14:07:21] [main/INFO]: Discovered module: ModuleSpec(name=cmd_server, file=modules/cmd_server.jar, provider=JenkinsModuleSource())
[14:07:21] [main/INFO]: Discovered module: ModuleSpec(name=reconnect_yaml, file=modules/reconnect_yaml.jar, provider=JenkinsModuleSource())
[14:07:21] [main/INFO]: Loaded plugin reconnect_yaml version git:reconnect_yaml:1.19-R0.1-SNAPSHOT:f6069e2:513 by WaterfallMC
[14:07:21] [main/INFO]: Loaded plugin cmd_find version git:cmd_find:1.19-R0.1-SNAPSHOT:f6069e2:513 by WaterfallMC
[14:07:21] [main/INFO]: Loaded plugin cmd_server version git:cmd_server:1.19-R0.1-SNAPSHOT:f6069e2:513 by WaterfallMC
[14:07:22] [main/INFO]: Loaded plugin cmd_alert version git:cmd_alert:1.19-R0.1-SNAPSHOT:f6069e2:513 by WaterfallMC
[14:07:22] [main/INFO]: Loaded plugin cmd_send version git:cmd_send:1.19-R0.1-SNAPSHOT:f6069e2:513 by WaterfallMC
[14:07:22] [main/INFO]: Loaded plugin cmd_list version git:cmd_list:1.19-R0.1-SNAPSHOT:f6069e2:513 by WaterfallMC
[14:07:22] [main/WARN]: :>:>:>:>:>:>:>:>:>:>:>:>:>:>:>:>:>:>:>:>:>:>:>
[14:07:22] [main/WARN]: :>  
[14:07:22] [main/WARN]: :>      EAGLERCRAFTXBUNGEE WARNING:
[14:07:22] [main/WARN]: :>  
[14:07:22] [main/WARN]: :>  This plugin wasn't tested to be 'working'
[14:07:22] [main/WARN]: :>  with ANY version of BungeeCord (and forks)
[14:07:22] [main/WARN]: :>  apart from the versions listed below:
[14:07:22] [main/WARN]: :>  
[14:07:22] [main/WARN]: :>  - BungeeCord: 1.20-R0.3-SNAPSHOT:eda268b:1797
[14:07:22] [main/WARN]: :>  - Waterfall: 1.20-R0.2-SNAPSHOT:92b5149:562
[14:07:22] [main/WARN]: :>  - FlameCord: 1.1.1
[14:07:22] [main/WARN]: :>  
[14:07:22] [main/WARN]: :>  This is not a Bukkit/Spigot plugin!
[14:07:22] [main/WARN]: :>  
[14:07:22] [main/WARN]: :>  Use "-Deaglerxbungee.stfu=true" to hide
[14:07:22] [main/WARN]: :>  
[14:07:22] [main/WARN]: :>:>:>:>:>:>:>:>:>:>:>:>:>:>:>:>:>:>:>:>:>:>:>
[14:07:22] [main/INFO] [EaglercraftXBungee]: Loading vanilla profile: lax1dude
[14:07:23] [Skin Download Thread #1/INFO] [EaglercraftXBungee]: Loaded vanilla profile: lax1dude
[14:07:23] [main/INFO]: Loaded plugin EaglercraftXBungee version 1.0.10 by lax1dude
[14:07:23] [main/WARN]: Forced host server pvp is not defined
[14:07:23] [main/INFO]: Enabled plugin reconnect_yaml version git:reconnect_yaml:1.19-R0.1-SNAPSHOT:f6069e2:513 by WaterfallMC
[14:07:23] [main/INFO]: Enabled plugin cmd_find version git:cmd_find:1.19-R0.1-SNAPSHOT:f6069e2:513 by WaterfallMC
[14:07:23] [main/INFO]: Enabled plugin cmd_server version git:cmd_server:1.19-R0.1-SNAPSHOT:f6069e2:513 by WaterfallMC
[14:07:23] [main/INFO]: Enabled plugin cmd_alert version git:cmd_alert:1.19-R0.1-SNAPSHOT:f6069e2:513 by WaterfallMC
[14:07:23] [main/INFO]: Enabled plugin cmd_send version git:cmd_send:1.19-R0.1-SNAPSHOT:f6069e2:513 by WaterfallMC
[14:07:23] [main/INFO]: Enabled plugin cmd_list version git:cmd_list:1.19-R0.1-SNAPSHOT:f6069e2:513 by WaterfallMC
[14:07:23] [main/ERROR] [EaglercraftXBungee]: Online mode is set to false! Authentication system has been disabled
[14:07:23] [Netty Worker IO Thread #0/ERROR] [EaglercraftXBungee]: Eaglercraft could not bind port: /0.0.0.0:8081
[14:07:23] [Netty Worker IO Thread #0/ERROR] [EaglercraftXBungee]: Reason: io.netty.channel.unix.Errors$NativeIoException: bind(..) failed: Address already in use
[14:07:23] [main/INFO] [EaglercraftXBungee]: Connected to database: jdbc:sqlite:eaglercraft_skins_cache.db
[14:07:23] [main/INFO]: Enabled plugin EaglercraftXBungee version 1.0.10 by lax1dude
[14:07:23] [Netty Boss IO Thread #0/WARN]: Could not bind to host /127.0.0.1:25577
io.netty.channel.unix.Errors$NativeIoException: bind(..) failed: Address already in use
[14:07:23] [EaglerXBungee: Network Tick Tasks/INFO] [EaglercraftXBungee]: Loaded certificate: /workspaces/server-test/bungee/plugins/EaglercraftXBungee/eagcert/$dl.006172f063140eb5c7b53901b6451a819cf69b0c.cert
[14:08:55] [main/INFO]: Command not found
[14:09:01] [main/ERROR]: Exception in thread "main" java.io.IOError: java.io.IOException: Input/output error
[14:09:01] [main/ERROR]: 	at org.jline.keymap.BindingReader.readCharacter(BindingReader.java:170)
[14:09:01] [main/ERROR]: 	at org.jline.keymap.BindingReader.readBinding(BindingReader.java:110)
[14:09:01] [main/ERROR]: 	at org.jline.keymap.BindingReader.readBinding(BindingReader.java:61)
[14:09:01] [main/ERROR]: 	at org.jline.reader.impl.LineReaderImpl.doReadBinding(LineReaderImpl.java:923)
[14:09:01] [main/ERROR]: 	at org.jline.reader.impl.LineReaderImpl.readBinding(LineReaderImpl.java:956)
[14:09:01] [main/ERROR]: 	at org.jline.reader.impl.LineReaderImpl.readLine(LineReaderImpl.java:651)
[14:09:01] [main/ERROR]: 	at org.jline.reader.impl.LineReaderImpl.readLine(LineReaderImpl.java:468)
[14:09:01] [main/ERROR]: 	at net.minecrell.terminalconsole.SimpleTerminalConsole.readCommands(SimpleTerminalConsole.java:158)
[14:09:01] [main/ERROR]: 	at net.minecrell.terminalconsole.SimpleTerminalConsole.start(SimpleTerminalConsole.java:141)
[14:09:01] [main/ERROR]: 	at net.md_5.bungee.BungeeCordLauncher.main(BungeeCordLauncher.java:72)
[14:09:01] [main/ERROR]: 	at net.md_5.bungee.Bootstrap.main(Bootstrap.java:15)
[14:09:01] [main/ERROR]: Caused by: java.io.IOException: Input/output error
[14:09:01] [main/ERROR]: 	at java.base/java.io.FileInputStream.read0(Native Method)
[14:09:01] [main/ERROR]: 	at java.base/java.io.FileInputStream.read(FileInputStream.java:231)
[14:09:01] [main/ERROR]: 	at org.jline.terminal.impl.AbstractPty$PtyInputStream.read(AbstractPty.java:73)
[14:09:01] [main/ERROR]: 	at org.jline.utils.NonBlockingInputStream.read(NonBlockingInputStream.java:62)
[14:09:01] [main/ERROR]: 	at org.jline.utils.NonBlocking$NonBlockingInputStreamReader.read(NonBlocking.java:168)
[14:09:01] [main/ERROR]: 	at org.jline.utils.NonBlockingReader.read(NonBlockingReader.java:57)
[14:09:01] [main/ERROR]: 	at org.jline.keymap.BindingReader.readCharacter(BindingReader.java:160)
[14:09:01] [main/ERROR]: 	... 10 more
